38
15
42
34
33
37
8
23
20
30
45
39
13
48
19
25
4
50
43
16
41
22
36
32
5
7
35
44
9
31
3
26
28
24
1
40
12
18
17
29
11
64
10
67
51
2
46
21
47
76
70
75
49
53
6
54
14
27
61
71
86
63
57
55
68
52
82
77
56
62
83
80
65
97
78
60
58
59
108
90
79
96
102
73
100
103
72
115
93
66
84
87
69
99
81
74
101
88
95
122
120
118
116
89
91
85
127
106
92
94
105
107
126
111
134
131
109
110
124
112
121
113
98
125
114
104
147
135
141
137
154
158
148
132
144
117
128
119
123
138
149
140
159
130
146
174
152
155
136
143
166
171
129
150
145
160
139
133
151
142
163
170
186
167
153
184
187
165
162
164
169
156
191
185
161
197
157
176
180
206
172
199
207
168
181
210
193
202
196
188
195
201
173
178
208
189
190
179
177
175
182
194
225
183
212
219
211
204
205
232
236
198
192
217
223
226
222
203
218
209
238
200
215
246
250
256
235
243
216
240
234
213
220
221
231
230
244
249
263
224
241
237
254
257
259
227
253
247
265
214
252
260
239
255
267
228
264
233
229
251
270
284
287
291
276
273
266
298
242
296
245
285
262
258
248
279
294
275
303
274
268
297
278
309
290
269
261
282
271
272
305
315
302
277
281
286
310
308
283
313
331
289
307
288
327
301
293
322
326
280
306
318
292
311
320
304
323
332
295
319
299
300
335
340
330
329
316
324
321
355
334
357
342
339
312
337
314
354
353
344
317
349
370
361
333
352
347
346
325
328
345
379
343
338
336
362
348
377
378
356
380
341
366
350
374
359
388
367
364
369
351
383
368
365
395
402
360
372
358
382
394
401
386
371
363
387
403
376
407
400
375
373
392
385
416
419
384
408
418
390
389
411
425
397
381
396
398
409
430
421
391
393
399
427
423
412
424
414
433
432
405
406
428
448
410
417
413
415
449
422
443
420
404
439
455
442
453
456
438
429
465
434
436
440
426
446
478
476
445
451
482
457
467
452
431
441
437
484
447
444
479
459
435
458
463
480
461
487
485
454
460
489
450
490
491
474
472
481
488
469
466
507
504
508
493
471
464
505
468
462
475
500
513
470
473
477
492
506
512
517
497
509
483
511
501
519
499
494
495
486
510
531
522
521
516
498
526
496
503
530
523
544
547
502
539
524
545
532
533
546
541
554
525
549
556
537
515
514
561
559
518
535
560
529
520
562
555
566
536
572
534
528
574
567
551
527
540
570
552
565
571
538
553
578
564
542
550
575
543
558
548
576
582
581
600
589
583
563
579
568
557
597
577
587
610
569
618
590
594
593
617
573
588
602
603
607
620
584
624
601
625
605
592
580
595
591
585
586
627
635
622
599
626
606
628
598
604
623
631
619
596
641
609
614
640
613
634
632
644
643
654
616
648
612
608
611
615
650
657
651
653
629
666
621
637
630
659
660
646
639
655
667
658
678
683
636
633
647
645
663
649
691
638
661
670
672
677
642
652
662
680
675
697
656
676
674
673
692
685
700
664
696
669
665
698
681
712
682
702
695
686
709
668
689
705
704
688
684
703
671
716
701
722
687
679
693
710
731
719
708
713
690
714
699
730
726
727
706
746
720
694
733
718
748
749
739
711
740
723
715
741
745
760
742
724
729
707
721
717
735
744
736
753
738
763
751
725
758
747
734
774
756
743
772
728
759
755
750
786
732
776
783
737
781
770
754
796
764
790
793
757
780
785
791
767
778
773
779
761
762
765
784
789
777
752
771
766
769
797
800
799
768
788
782
804
801
810
815
826
827
828
802
775
805
836
787
794
792
825
798
795
817
807
806
823
837
830
835
848
831
803
811
839
841
833
816
840
829
842
853
832
843
814
819
813
809
808
820
812
821
855
818
824
822
861
834
845
849
877
847
838
844
858
846
886
859
892
854
851
852
875
870
893
876
871
891
856
869
850
866
879
889
867
857
898
878
865
896
882
863
899
860
900
868
874
895
862
906
880
913
885
881
864
884
883
872
897
873
901
922
909
921
905
928
888
918
920
890
902
887
907
929
942
916
919
925
936
894
946
911
924
904
937
915
903
908
940
939
932
933
917
930
927
914
943
953
910
935
912
934
950
923
958
945
965
954
971
948
959
941
974
960
926
931
952
955
963
957
976
980
981
944
970
947
964
985
990
978
938
951
972
949
956
969
962
966
992
991
999
973
983
979
977
967
995
996
961
997
968
986
1000
984
975
994
989
987
982
988
993
998
