15
41
42
34
8
23
30
37
20
33
45
10
36
16
50
25
7
48
19
40
22
38
39
2
32
4
35
47
9
28
3
29
24
1
31
43
12
18
17
11
26
64
13
67
51
5
21
46
76
44
70
75
49
6
53
54
14
27
61
71
86
63
57
55
68
52
82
77
56
83
62
80
65
97
60
78
58
59
108
90
79
96
102
73
100
103
72
115
93
66
87
84
69
99
81
74
101
88
95
122
120
116
118
89
91
85
127
106
92
94
105
107
126
111
134
131
109
110
124
112
121
113
98
125
114
104
147
135
141
137
154
148
158
132
144
117
128
119
123
138
140
149
130
159
146
152
174
155
136
166
143
171
129
145
150
160
139
133
151
142
163
170
186
153
167
184
187
165
162
164
169
156
191
185
161
197
157
176
180
206
172
207
199
168
181
210
193
202
196
188
195
201
173
178
189
208
179
190
177
175
182
194
225
183
212
219
211
204
205
232
236
217
198
192
223
226
222
203
218
209
200
238
215
246
250
256
235
243
216
240
234
213
220
221
231
230
244
249
224
263
241
237
254
257
259
227
253
247
265
214
252
260
255
239
267
228
264
233
229
251
270
284
287
291
276
273
266
298
242
296
245
285
262
258
279
248
294
275
303
274
268
297
309
278
290
269
261
282
271
272
305
315
302
277
281
286
310
308
283
313
331
289
307
288
327
301
322
293
326
280
306
318
292
311
320
304
323
332
295
319
299
300
335
340
330
329
316
324
321
355
334
342
357
312
339
337
314
354
353
344
317
349
370
333
361
347
352
346
325
328
379
345
343
348
362
338
336
377
378
356
380
341
366
350
374
359
388
367
364
369
383
351
368
365
402
395
360
372
358
382
394
401
386
371
363
387
403
376
407
400
375
373
392
385
416
419
384
418
408
390
389
411
425
397
381
396
398
430
409
421
391
393
399
427
423
412
433
424
414
432
405
406
448
417
428
410
413
415
449
422
443
420
404
439
455
442
453
456
438
465
429
434
436
440
426
446
478
476
445
451
482
457
467
431
441
452
437
484
447
444
479
459
435
458
463
480
461
487
485
454
460
489
450
490
491
474
472
488
481
469
466
507
504
508
493
471
464
505
468
462
475
500
513
470
473
477
492
506
512
517
497
509
483
511
501
519
499
494
495
486
510
531
521
522
516
498
526
503
496
530
523
544
547
502
539
524
545
532
533
546
541
554
525
549
556
537
515
514
561
559
535
518
560
